---
cm.popret:
  config:
  - check ISA:=regex(.*I.*Zca.*Zcmp.*)
  mnemonics:
    cm.popret: 24
    coverage: 1/1
  rd:
    x1: 24
    coverage: 1/1
  rs1:
    x1: 0
    x18: 0
    x19: 0
    x20: 0
    x21: 0
    x22: 0
    x23: 0
    x24: 0
    x25: 0
    x27: 0
    x8: 0
    x9: 0
    coverage: 0/12
  val_comb:
    imm_val > 0: 24
    rs1_val == 112: 0
    rs1_val == 16: 0
    rs1_val == 32: 0
    rs1_val == 48: 0
    rs1_val == 64: 0
    rs1_val == 80: 0
    rs1_val == 96: 0
    coverage: 1/8
  total_coverage: 3/22
